[0.013s] Invoking command in '/home/achal/omokai_task/ros2_ws/build/mission_interfaces': CMAKE_PREFIX_PATH=/opt/ros/humble /usr/bin/cmake /home/achal/omokai_task/ros2_ws/src/mission_interfaces -DCMAKE_INSTALL_PREFIX=/home/achal/omokai_task/ros2_ws/install/mission_interfaces
[0.174s] -- The C compiler identification is GNU 11.4.0
[0.305s] -- The CXX compiler identification is GNU 11.4.0
[0.317s] -- Detecting C compiler ABI info
[0.404s] -- Detecting C compiler ABI info - done
[0.412s] -- Check for working C compiler: /usr/bin/cc - skipped
[0.413s] -- Detecting C compile features
[0.413s] -- Detecting C compile features - done
[0.420s] -- Detecting CXX compiler ABI info
[0.526s] -- Detecting CXX compiler ABI info - done
[0.533s] -- Check for working CXX compiler: /usr/bin/c++ - skipped
[0.533s] -- Detecting CXX compile features
[0.533s] -- Detecting CXX compile features - done
[0.537s] -- Found ament_cmake: 1.3.14 (/opt/ros/humble/share/ament_cmake/cmake)
[0.743s] -- Found Python3: /usr/bin/python3 (found version "3.10.12") found components: Interpreter 
[0.901s] -- Found rosidl_default_generators: 1.2.1 (/opt/ros/humble/share/rosidl_default_generators/cmake)
[0.906s] -- Using all available rosidl_typesupport_c: rosidl_typesupport_fastrtps_c;rosidl_typesupport_introspection_c
[0.922s] -- Found rosidl_adapter: 3.1.9 (/opt/ros/humble/share/rosidl_adapter/cmake)
[0.993s] -- Using all available rosidl_typesupport_cpp: rosidl_typesupport_fastrtps_cpp;rosidl_typesupport_introspection_cpp
[1.351s] -- Found ament_cmake_ros: 0.10.0 (/opt/ros/humble/share/ament_cmake_ros/cmake)
[1.572s] -- Using all available rosidl_typesupport_c: rosidl_typesupport_fastrtps_c;rosidl_typesupport_introspection_c
[1.865s] -- Using all available rosidl_typesupport_cpp: rosidl_typesupport_fastrtps_cpp;rosidl_typesupport_introspection_cpp
[1.896s] -- Found PythonInterp: /usr/bin/python3 (found suitable version "3.10.12", minimum required is "3.6") 
[1.899s] -- Found python_cmake_module: 0.10.0 (/opt/ros/humble/share/python_cmake_module/cmake)
[1.936s] -- Found PythonLibs: /usr/lib/x86_64-linux-gnu/libpython3.10.so (found suitable version "3.10.12", minimum required is "3.5") 
[1.936s] -- Using PYTHON_EXECUTABLE: /usr/bin/python3
[1.936s] -- Using PYTHON_INCLUDE_DIRS: /usr/include/python3.10
[1.936s] -- Using PYTHON_LIBRARIES: /usr/lib/x86_64-linux-gnu/libpython3.10.so
[1.972s] -- Found PythonExtra: .so  
[2.111s] -- Configuring done
[2.152s] -- Generating done
[2.170s] -- Build files have been written to: /home/achal/omokai_task/ros2_ws/build/mission_interfaces
[2.183s] Invoked command in '/home/achal/omokai_task/ros2_ws/build/mission_interfaces' returned '0': CMAKE_PREFIX_PATH=/opt/ros/humble /usr/bin/cmake /home/achal/omokai_task/ros2_ws/src/mission_interfaces -DCMAKE_INSTALL_PREFIX=/home/achal/omokai_task/ros2_ws/install/mission_interfaces
[2.185s] Invoking command in '/home/achal/omokai_task/ros2_ws/build/mission_interfaces': CMAKE_PREFIX_PATH=/opt/ros/humble /usr/bin/cmake --build /home/achal/omokai_task/ros2_ws/build/mission_interfaces -- -j16 -l16
[2.242s] [  3%] [34m[1mGenerating C code for ROS interfaces[0m
[2.257s] [  9%] [34m[1mGenerating C++ code for ROS interfaces[0m
[2.257s] [  9%] [34m[1mGenerating Rust code for ROS interfaces[0m
[2.270s] [  9%] Built target ament_cmake_python_copy_mission_interfaces
[2.574s] [  9%] Built target mission_interfaces__rs
[2.593s] [  9%] Built target mission_interfaces__cpp
[2.606s] [ 18%] [34m[1mGenerating C++ type support dispatch for ROS interfaces[0m
[2.606s] [ 18%] [34m[1mGenerating C++ introspection for ROS interfaces[0m
[2.606s] [ 18%] [34m[1mGenerating C++ type support for eProsima Fast-RTPS[0m
[2.607s] [ 21%] [32mBuilding C object CMakeFiles/mission_interfaces__rosidl_generator_c.dir/rosidl_generator_c/mission_interfaces/msg/detail/mission__functions.c.o[0m
[2.635s] running egg_info
[2.636s] creating mission_interfaces.egg-info
[2.636s] writing mission_interfaces.egg-info/PKG-INFO
[2.637s] writing dependency_links to mission_interfaces.egg-info/dependency_links.txt
[2.641s] writing top-level names to mission_interfaces.egg-info/top_level.txt
[2.641s] writing manifest file 'mission_interfaces.egg-info/SOURCES.txt'
[2.643s] reading manifest file 'mission_interfaces.egg-info/SOURCES.txt'
[2.644s] writing manifest file 'mission_interfaces.egg-info/SOURCES.txt'
[2.694s] [ 21%] Built target ament_cmake_python_build_mission_interfaces_egg
[2.696s] [ 25%] [32m[1mLinking C shared library libmission_interfaces__rosidl_generator_c.so[0m
[2.748s] [ 25%] Built target mission_interfaces__rosidl_generator_c
[2.765s] [ 31%] [34m[1mGenerating C introspection for ROS interfaces[0m
[2.766s] [ 31%] [34m[1mGenerating C type support for eProsima Fast-RTPS[0m
[2.766s] [ 34%] [34m[1mGenerating C type support dispatch for ROS interfaces[0m
[2.906s] [ 37%] [32mBuilding CXX object CMakeFiles/mission_interfaces__rosidl_typesupport_cpp.dir/rosidl_typesupport_cpp/mission_interfaces/msg/mission__type_support.cpp.o[0m
[2.924s] [ 40%] [32mBuilding CXX object CMakeFiles/mission_interfaces__rosidl_typesupport_introspection_cpp.dir/rosidl_typesupport_introspection_cpp/mission_interfaces/msg/detail/mission__type_support.cpp.o[0m
[2.955s] [ 43%] [32mBuilding CXX object CMakeFiles/mission_interfaces__rosidl_typesupport_fastrtps_cpp.dir/rosidl_typesupport_fastrtps_cpp/mission_interfaces/msg/detail/dds_fastrtps/mission__type_support.cpp.o[0m
[3.070s] [ 46%] [32mBuilding CXX object CMakeFiles/mission_interfaces__rosidl_typesupport_c.dir/rosidl_typesupport_c/mission_interfaces/msg/mission__type_support.cpp.o[0m
[3.102s] [ 50%] [32mBuilding C object CMakeFiles/mission_interfaces__rosidl_typesupport_introspection_c.dir/rosidl_typesupport_introspection_c/mission_interfaces/msg/detail/mission__type_support.c.o[0m
[3.113s] [ 53%] [32m[1mLinking CXX shared library libmission_interfaces__rosidl_typesupport_c.so[0m
[3.115s] [ 56%] [32mBuilding CXX object CMakeFiles/mission_interfaces__rosidl_typesupport_fastrtps_c.dir/rosidl_typesupport_fastrtps_c/mission_interfaces/msg/detail/mission__type_support_c.cpp.o[0m
[3.152s] [ 59%] [32m[1mLinking C shared library libmission_interfaces__rosidl_typesupport_introspection_c.so[0m
[3.177s] [ 59%] Built target mission_interfaces__rosidl_typesupport_c
[3.199s] [ 59%] Built target mission_interfaces__rosidl_typesupport_introspection_c
[3.297s] [ 62%] [32m[1mLinking CXX shared library libmission_interfaces__rosidl_typesupport_cpp.so[0m
[3.355s] [ 62%] Built target mission_interfaces__rosidl_typesupport_cpp
[3.439s] [ 65%] [32m[1mLinking CXX shared library libmission_interfaces__rosidl_typesupport_introspection_cpp.so[0m
[3.454s] [ 68%] [32m[1mLinking CXX shared library libmission_interfaces__rosidl_typesupport_fastrtps_cpp.so[0m
[3.536s] [ 71%] [32m[1mLinking CXX shared library libmission_interfaces__rosidl_typesupport_fastrtps_c.so[0m
[3.537s] [ 71%] Built target mission_interfaces__rosidl_typesupport_introspection_cpp
[3.568s] [ 71%] Built target mission_interfaces__rosidl_typesupport_fastrtps_cpp
[3.631s] [ 71%] Built target mission_interfaces__rosidl_typesupport_fastrtps_c
[3.656s] [ 71%] Built target mission_interfaces
[3.687s] [ 75%] [34m[1mGenerating Python code for ROS interfaces[0m
[4.008s] [ 75%] Built target mission_interfaces__py
[4.035s] [ 78%] [32mBuilding C object CMakeFiles/mission_interfaces__rosidl_generator_py.dir/rosidl_generator_py/mission_interfaces/msg/_mission_s.c.o[0m
[4.183s] [ 81%] [32m[1mLinking C shared library rosidl_generator_py/mission_interfaces/libmission_interfaces__rosidl_generator_py.so[0m
[4.234s] [ 81%] Built target mission_interfaces__rosidl_generator_py
[4.262s] [ 87%] [32mBuilding C object CMakeFiles/mission_interfaces__rosidl_typesupport_introspection_c__pyext.dir/rosidl_generator_py/mission_interfaces/_mission_interfaces_s.ep.rosidl_typesupport_introspection_c.c.o[0m
[4.264s] [ 87%] [32mBuilding C object CMakeFiles/mission_interfaces__rosidl_typesupport_fastrtps_c__pyext.dir/rosidl_generator_py/mission_interfaces/_mission_interfaces_s.ep.rosidl_typesupport_fastrtps_c.c.o[0m
[4.267s] [ 90%] [32mBuilding C object CMakeFiles/mission_interfaces__rosidl_typesupport_c__pyext.dir/rosidl_generator_py/mission_interfaces/_mission_interfaces_s.ep.rosidl_typesupport_c.c.o[0m
[4.475s] [ 96%] [32m[1mLinking C shared library rosidl_generator_py/mission_interfaces/mission_interfaces_s__rosidl_typesupport_fastrtps_c.cpython-310-x86_64-linux-gnu.so[0m
[4.475s] [ 96%] [32m[1mLinking C shared library rosidl_generator_py/mission_interfaces/mission_interfaces_s__rosidl_typesupport_c.cpython-310-x86_64-linux-gnu.so[0m
[4.475s] [100%] [32m[1mLinking C shared library rosidl_generator_py/mission_interfaces/mission_interfaces_s__rosidl_typesupport_introspection_c.cpython-310-x86_64-linux-gnu.so[0m
[4.516s] [100%] Built target mission_interfaces__rosidl_typesupport_introspection_c__pyext
[4.516s] [100%] Built target mission_interfaces__rosidl_typesupport_c__pyext
[4.518s] [100%] Built target mission_interfaces__rosidl_typesupport_fastrtps_c__pyext
[4.540s] Invoked command in '/home/achal/omokai_task/ros2_ws/build/mission_interfaces' returned '0': CMAKE_PREFIX_PATH=/opt/ros/humble /usr/bin/cmake --build /home/achal/omokai_task/ros2_ws/build/mission_interfaces -- -j16 -l16
[4.556s] Invoking command in '/home/achal/omokai_task/ros2_ws/build/mission_interfaces': CMAKE_PREFIX_PATH=/opt/ros/humble /usr/bin/cmake --install /home/achal/omokai_task/ros2_ws/build/mission_interfaces
[4.565s] -- Install configuration: ""
[4.565s] -- Installing: /home/achal/omokai_task/ros2_ws/install/mission_interfaces/share/ament_index/resource_index/rosidl_interfaces/mission_interfaces
[4.565s] -- Installing: /home/achal/omokai_task/ros2_ws/install/mission_interfaces/include/mission_interfaces/mission_interfaces
[4.565s] -- Installing: /home/achal/omokai_task/ros2_ws/install/mission_interfaces/include/mission_interfaces/mission_interfaces/msg
[4.565s] -- Installing: /home/achal/omokai_task/ros2_ws/install/mission_interfaces/include/mission_interfaces/mission_interfaces/msg/detail
[4.565s] -- Installing: /home/achal/omokai_task/ros2_ws/install/mission_interfaces/include/mission_interfaces/mission_interfaces/msg/detail/mission__struct.h
[4.566s] -- Installing: /home/achal/omokai_task/ros2_ws/install/mission_interfaces/include/mission_interfaces/mission_interfaces/msg/detail/mission__functions.h
[4.566s] -- Installing: /home/achal/omokai_task/ros2_ws/install/mission_interfaces/include/mission_interfaces/mission_interfaces/msg/detail/mission__functions.c
[4.566s] -- Installing: /home/achal/omokai_task/ros2_ws/install/mission_interfaces/include/mission_interfaces/mission_interfaces/msg/detail/mission__type_support.h
[4.566s] -- Installing: /home/achal/omokai_task/ros2_ws/install/mission_interfaces/include/mission_interfaces/mission_interfaces/msg/rosidl_generator_c__visibility_control.h
[4.567s] -- Installing: /home/achal/omokai_task/ros2_ws/install/mission_interfaces/include/mission_interfaces/mission_interfaces/msg/mission.h
[4.567s] -- Installing: /home/achal/omokai_task/ros2_ws/install/mission_interfaces/share/mission_interfaces/environment/library_path.sh
[4.567s] -- Installing: /home/achal/omokai_task/ros2_ws/install/mission_interfaces/share/mission_interfaces/environment/library_path.dsv
[4.567s] -- Installing: /home/achal/omokai_task/ros2_ws/install/mission_interfaces/lib/libmission_interfaces__rosidl_generator_c.so
[4.568s] -- Set runtime path of "/home/achal/omokai_task/ros2_ws/install/mission_interfaces/lib/libmission_interfaces__rosidl_generator_c.so" to ""
[4.568s] -- Up-to-date: /home/achal/omokai_task/ros2_ws/install/mission_interfaces/include/mission_interfaces/mission_interfaces
[4.568s] -- Up-to-date: /home/achal/omokai_task/ros2_ws/install/mission_interfaces/include/mission_interfaces/mission_interfaces/msg
[4.568s] -- Up-to-date: /home/achal/omokai_task/ros2_ws/install/mission_interfaces/include/mission_interfaces/mission_interfaces/msg/detail
[4.568s] -- Installing: /home/achal/omokai_task/ros2_ws/install/mission_interfaces/include/mission_interfaces/mission_interfaces/msg/detail/mission__rosidl_typesupport_fastrtps_c.h
[4.568s] -- Installing: /home/achal/omokai_task/ros2_ws/install/mission_interfaces/include/mission_interfaces/mission_interfaces/msg/rosidl_typesupport_fastrtps_c__visibility_control.h
[4.568s] -- Installing: /home/achal/omokai_task/ros2_ws/install/mission_interfaces/lib/libmission_interfaces__rosidl_typesupport_fastrtps_c.so
[4.568s] -- Set runtime path of "/home/achal/omokai_task/ros2_ws/install/mission_interfaces/lib/libmission_interfaces__rosidl_typesupport_fastrtps_c.so" to ""
[4.569s] -- Up-to-date: /home/achal/omokai_task/ros2_ws/install/mission_interfaces/include/mission_interfaces/mission_interfaces
[4.569s] -- Up-to-date: /home/achal/omokai_task/ros2_ws/install/mission_interfaces/include/mission_interfaces/mission_interfaces/msg
[4.569s] -- Up-to-date: /home/achal/omokai_task/ros2_ws/install/mission_interfaces/include/mission_interfaces/mission_interfaces/msg/detail
[4.569s] -- Installing: /home/achal/omokai_task/ros2_ws/install/mission_interfaces/include/mission_interfaces/mission_interfaces/msg/detail/mission__rosidl_typesupport_introspection_c.h
[4.569s] -- Installing: /home/achal/omokai_task/ros2_ws/install/mission_interfaces/include/mission_interfaces/mission_interfaces/msg/detail/mission__type_support.c
[4.569s] -- Installing: /home/achal/omokai_task/ros2_ws/install/mission_interfaces/include/mission_interfaces/mission_interfaces/msg/rosidl_typesupport_introspection_c__visibility_control.h
[4.569s] -- Installing: /home/achal/omokai_task/ros2_ws/install/mission_interfaces/lib/libmission_interfaces__rosidl_typesupport_introspection_c.so
[4.576s] -- Set runtime path of "/home/achal/omokai_task/ros2_ws/install/mission_interfaces/lib/libmission_interfaces__rosidl_typesupport_introspection_c.so" to ""
[4.576s] -- Installing: /home/achal/omokai_task/ros2_ws/install/mission_interfaces/lib/libmission_interfaces__rosidl_typesupport_c.so
[4.576s] -- Set runtime path of "/home/achal/omokai_task/ros2_ws/install/mission_interfaces/lib/libmission_interfaces__rosidl_typesupport_c.so" to ""
[4.576s] -- Up-to-date: /home/achal/omokai_task/ros2_ws/install/mission_interfaces/include/mission_interfaces/mission_interfaces
[4.576s] -- Up-to-date: /home/achal/omokai_task/ros2_ws/install/mission_interfaces/include/mission_interfaces/mission_interfaces/msg
[4.577s] -- Installing: /home/achal/omokai_task/ros2_ws/install/mission_interfaces/include/mission_interfaces/mission_interfaces/msg/mission.hpp
[4.577s] -- Up-to-date: /home/achal/omokai_task/ros2_ws/install/mission_interfaces/include/mission_interfaces/mission_interfaces/msg/detail
[4.577s] -- Installing: /home/achal/omokai_task/ros2_ws/install/mission_interfaces/include/mission_interfaces/mission_interfaces/msg/detail/mission__traits.hpp
[4.577s] -- Installing: /home/achal/omokai_task/ros2_ws/install/mission_interfaces/include/mission_interfaces/mission_interfaces/msg/detail/mission__type_support.hpp
[4.577s] -- Installing: /home/achal/omokai_task/ros2_ws/install/mission_interfaces/include/mission_interfaces/mission_interfaces/msg/detail/mission__builder.hpp
[4.577s] -- Installing: /home/achal/omokai_task/ros2_ws/install/mission_interfaces/include/mission_interfaces/mission_interfaces/msg/detail/mission__struct.hpp
[4.577s] -- Installing: /home/achal/omokai_task/ros2_ws/install/mission_interfaces/include/mission_interfaces/mission_interfaces/msg/rosidl_generator_cpp__visibility_control.hpp
[4.577s] -- Up-to-date: /home/achal/omokai_task/ros2_ws/install/mission_interfaces/include/mission_interfaces/mission_interfaces
[4.577s] -- Up-to-date: /home/achal/omokai_task/ros2_ws/install/mission_interfaces/include/mission_interfaces/mission_interfaces/msg
[4.577s] -- Up-to-date: /home/achal/omokai_task/ros2_ws/install/mission_interfaces/include/mission_interfaces/mission_interfaces/msg/detail
[4.577s] -- Installing: /home/achal/omokai_task/ros2_ws/install/mission_interfaces/include/mission_interfaces/mission_interfaces/msg/detail/mission__rosidl_typesupport_fastrtps_cpp.hpp
[4.577s] -- Installing: /home/achal/omokai_task/ros2_ws/install/mission_interfaces/include/mission_interfaces/mission_interfaces/msg/detail/dds_fastrtps
[4.577s] -- Installing: /home/achal/omokai_task/ros2_ws/install/mission_interfaces/include/mission_interfaces/mission_interfaces/msg/rosidl_typesupport_fastrtps_cpp__visibility_control.h
[4.577s] -- Installing: /home/achal/omokai_task/ros2_ws/install/mission_interfaces/lib/libmission_interfaces__rosidl_typesupport_fastrtps_cpp.so
[4.577s] -- Set runtime path of "/home/achal/omokai_task/ros2_ws/install/mission_interfaces/lib/libmission_interfaces__rosidl_typesupport_fastrtps_cpp.so" to ""
[4.577s] -- Up-to-date: /home/achal/omokai_task/ros2_ws/install/mission_interfaces/include/mission_interfaces/mission_interfaces
[4.578s] -- Up-to-date: /home/achal/omokai_task/ros2_ws/install/mission_interfaces/include/mission_interfaces/mission_interfaces/msg
[4.578s] -- Up-to-date: /home/achal/omokai_task/ros2_ws/install/mission_interfaces/include/mission_interfaces/mission_interfaces/msg/detail
[4.578s] -- Installing: /home/achal/omokai_task/ros2_ws/install/mission_interfaces/include/mission_interfaces/mission_interfaces/msg/detail/mission__rosidl_typesupport_introspection_cpp.hpp
[4.578s] -- Installing: /home/achal/omokai_task/ros2_ws/install/mission_interfaces/include/mission_interfaces/mission_interfaces/msg/detail/mission__type_support.cpp
[4.578s] -- Installing: /home/achal/omokai_task/ros2_ws/install/mission_interfaces/lib/libmission_interfaces__rosidl_typesupport_introspection_cpp.so
[4.578s] -- Set runtime path of "/home/achal/omokai_task/ros2_ws/install/mission_interfaces/lib/libmission_interfaces__rosidl_typesupport_introspection_cpp.so" to ""
[4.578s] -- Installing: /home/achal/omokai_task/ros2_ws/install/mission_interfaces/lib/libmission_interfaces__rosidl_typesupport_cpp.so
[4.578s] -- Set runtime path of "/home/achal/omokai_task/ros2_ws/install/mission_interfaces/lib/libmission_interfaces__rosidl_typesupport_cpp.so" to ""
[4.578s] -- Installing: /home/achal/omokai_task/ros2_ws/install/mission_interfaces/share/mission_interfaces/environment/pythonpath.sh
[4.578s] -- Installing: /home/achal/omokai_task/ros2_ws/install/mission_interfaces/share/mission_interfaces/environment/pythonpath.dsv
[4.578s] -- Installing: /home/achal/omokai_task/ros2_ws/install/mission_interfaces/local/lib/python3.10/dist-packages/mission_interfaces-0.0.0-py3.10.egg-info
[4.578s] -- Installing: /home/achal/omokai_task/ros2_ws/install/mission_interfaces/local/lib/python3.10/dist-packages/mission_interfaces-0.0.0-py3.10.egg-info/SOURCES.txt
[4.578s] -- Installing: /home/achal/omokai_task/ros2_ws/install/mission_interfaces/local/lib/python3.10/dist-packages/mission_interfaces-0.0.0-py3.10.egg-info/dependency_links.txt
[4.578s] -- Installing: /home/achal/omokai_task/ros2_ws/install/mission_interfaces/local/lib/python3.10/dist-packages/mission_interfaces-0.0.0-py3.10.egg-info/top_level.txt
[4.578s] -- Installing: /home/achal/omokai_task/ros2_ws/install/mission_interfaces/local/lib/python3.10/dist-packages/mission_interfaces-0.0.0-py3.10.egg-info/PKG-INFO
[4.578s] -- Installing: /home/achal/omokai_task/ros2_ws/install/mission_interfaces/local/lib/python3.10/dist-packages/mission_interfaces
[4.578s] -- Installing: /home/achal/omokai_task/ros2_ws/install/mission_interfaces/local/lib/python3.10/dist-packages/mission_interfaces/_mission_interfaces_s.ep.rosidl_typesupport_introspection_c.c
[4.578s] -- Installing: /home/achal/omokai_task/ros2_ws/install/mission_interfaces/local/lib/python3.10/dist-packages/mission_interfaces/_mission_interfaces_s.ep.rosidl_typesupport_fastrtps_c.c
[4.579s] -- Installing: /home/achal/omokai_task/ros2_ws/install/mission_interfaces/local/lib/python3.10/dist-packages/mission_interfaces/mission_interfaces_s__rosidl_typesupport_fastrtps_c.cpython-310-x86_64-linux-gnu.so
[4.579s] -- Installing: /home/achal/omokai_task/ros2_ws/install/mission_interfaces/local/lib/python3.10/dist-packages/mission_interfaces/mission_interfaces_s__rosidl_typesupport_introspection_c.cpython-310-x86_64-linux-gnu.so
[4.579s] -- Installing: /home/achal/omokai_task/ros2_ws/install/mission_interfaces/local/lib/python3.10/dist-packages/mission_interfaces/mission_interfaces_s__rosidl_typesupport_c.cpython-310-x86_64-linux-gnu.so
[4.579s] -- Installing: /home/achal/omokai_task/ros2_ws/install/mission_interfaces/local/lib/python3.10/dist-packages/mission_interfaces/libmission_interfaces__rosidl_generator_py.so
[4.579s] -- Installing: /home/achal/omokai_task/ros2_ws/install/mission_interfaces/local/lib/python3.10/dist-packages/mission_interfaces/__init__.py
[4.579s] -- Installing: /home/achal/omokai_task/ros2_ws/install/mission_interfaces/local/lib/python3.10/dist-packages/mission_interfaces/msg
[4.579s] -- Installing: /home/achal/omokai_task/ros2_ws/install/mission_interfaces/local/lib/python3.10/dist-packages/mission_interfaces/msg/_mission.py
[4.579s] -- Installing: /home/achal/omokai_task/ros2_ws/install/mission_interfaces/local/lib/python3.10/dist-packages/mission_interfaces/msg/_mission_s.c
[4.579s] -- Installing: /home/achal/omokai_task/ros2_ws/install/mission_interfaces/local/lib/python3.10/dist-packages/mission_interfaces/msg/__init__.py
[4.579s] -- Installing: /home/achal/omokai_task/ros2_ws/install/mission_interfaces/local/lib/python3.10/dist-packages/mission_interfaces/_mission_interfaces_s.ep.rosidl_typesupport_c.c
[4.614s] Listing '/home/achal/omokai_task/ros2_ws/install/mission_interfaces/local/lib/python3.10/dist-packages/mission_interfaces'...
[4.614s] Compiling '/home/achal/omokai_task/ros2_ws/install/mission_interfaces/local/lib/python3.10/dist-packages/mission_interfaces/__init__.py'...
[4.614s] Listing '/home/achal/omokai_task/ros2_ws/install/mission_interfaces/local/lib/python3.10/dist-packages/mission_interfaces/msg'...
[4.614s] Compiling '/home/achal/omokai_task/ros2_ws/install/mission_interfaces/local/lib/python3.10/dist-packages/mission_interfaces/msg/__init__.py'...
[4.614s] Compiling '/home/achal/omokai_task/ros2_ws/install/mission_interfaces/local/lib/python3.10/dist-packages/mission_interfaces/msg/_mission.py'...
[4.623s] -- Installing: /home/achal/omokai_task/ros2_ws/install/mission_interfaces/local/lib/python3.10/dist-packages/mission_interfaces/mission_interfaces_s__rosidl_typesupport_fastrtps_c.cpython-310-x86_64-linux-gnu.so
[4.623s] -- Set runtime path of "/home/achal/omokai_task/ros2_ws/install/mission_interfaces/local/lib/python3.10/dist-packages/mission_interfaces/mission_interfaces_s__rosidl_typesupport_fastrtps_c.cpython-310-x86_64-linux-gnu.so" to ""
[4.624s] -- Installing: /home/achal/omokai_task/ros2_ws/install/mission_interfaces/local/lib/python3.10/dist-packages/mission_interfaces/mission_interfaces_s__rosidl_typesupport_introspection_c.cpython-310-x86_64-linux-gnu.so
[4.624s] -- Set runtime path of "/home/achal/omokai_task/ros2_ws/install/mission_interfaces/local/lib/python3.10/dist-packages/mission_interfaces/mission_interfaces_s__rosidl_typesupport_introspection_c.cpython-310-x86_64-linux-gnu.so" to ""
[4.624s] -- Installing: /home/achal/omokai_task/ros2_ws/install/mission_interfaces/local/lib/python3.10/dist-packages/mission_interfaces/mission_interfaces_s__rosidl_typesupport_c.cpython-310-x86_64-linux-gnu.so
[4.625s] -- Set runtime path of "/home/achal/omokai_task/ros2_ws/install/mission_interfaces/local/lib/python3.10/dist-packages/mission_interfaces/mission_interfaces_s__rosidl_typesupport_c.cpython-310-x86_64-linux-gnu.so" to ""
[4.625s] -- Installing: /home/achal/omokai_task/ros2_ws/install/mission_interfaces/lib/libmission_interfaces__rosidl_generator_py.so
[4.625s] -- Set runtime path of "/home/achal/omokai_task/ros2_ws/install/mission_interfaces/lib/libmission_interfaces__rosidl_generator_py.so" to ""
[4.625s] -- Installing: /home/achal/omokai_task/ros2_ws/install/mission_interfaces/share/ament_index/resource_index/rust_packages/mission_interfaces
[4.625s] -- Installing: /home/achal/omokai_task/ros2_ws/install/mission_interfaces/share/mission_interfaces/rust
[4.625s] -- Installing: /home/achal/omokai_task/ros2_ws/install/mission_interfaces/share/mission_interfaces/rust/build.rs
[4.625s] -- Installing: /home/achal/omokai_task/ros2_ws/install/mission_interfaces/share/mission_interfaces/rust/src
[4.626s] -- Installing: /home/achal/omokai_task/ros2_ws/install/mission_interfaces/share/mission_interfaces/rust/src/msg.rs
[4.626s] -- Installing: /home/achal/omokai_task/ros2_ws/install/mission_interfaces/share/mission_interfaces/rust/src/lib.rs
[4.626s] -- Installing: /home/achal/omokai_task/ros2_ws/install/mission_interfaces/share/mission_interfaces/rust/src/msg
[4.626s] -- Installing: /home/achal/omokai_task/ros2_ws/install/mission_interfaces/share/mission_interfaces/rust/src/msg/rmw.rs
[4.626s] -- Installing: /home/achal/omokai_task/ros2_ws/install/mission_interfaces/share/mission_interfaces/rust/Cargo.toml
[4.626s] -- Installing: /home/achal/omokai_task/ros2_ws/install/mission_interfaces/share/mission_interfaces/msg/Mission.idl
[4.626s] -- Installing: /home/achal/omokai_task/ros2_ws/install/mission_interfaces/share/mission_interfaces/msg/Mission.msg
[4.626s] -- Installing: /home/achal/omokai_task/ros2_ws/install/mission_interfaces/share/ament_index/resource_index/package_run_dependencies/mission_interfaces
[4.627s] -- Installing: /home/achal/omokai_task/ros2_ws/install/mission_interfaces/share/ament_index/resource_index/parent_prefix_path/mission_interfaces
[4.627s] -- Installing: /home/achal/omokai_task/ros2_ws/install/mission_interfaces/share/mission_interfaces/environment/ament_prefix_path.sh
[4.627s] -- Installing: /home/achal/omokai_task/ros2_ws/install/mission_interfaces/share/mission_interfaces/environment/ament_prefix_path.dsv
[4.627s] -- Installing: /home/achal/omokai_task/ros2_ws/install/mission_interfaces/share/mission_interfaces/environment/path.sh
[4.627s] -- Installing: /home/achal/omokai_task/ros2_ws/install/mission_interfaces/share/mission_interfaces/environment/path.dsv
[4.627s] -- Installing: /home/achal/omokai_task/ros2_ws/install/mission_interfaces/share/mission_interfaces/local_setup.bash
[4.628s] -- Installing: /home/achal/omokai_task/ros2_ws/install/mission_interfaces/share/mission_interfaces/local_setup.sh
[4.628s] -- Installing: /home/achal/omokai_task/ros2_ws/install/mission_interfaces/share/mission_interfaces/local_setup.zsh
[4.628s] -- Installing: /home/achal/omokai_task/ros2_ws/install/mission_interfaces/share/mission_interfaces/local_setup.dsv
[4.628s] -- Installing: /home/achal/omokai_task/ros2_ws/install/mission_interfaces/share/mission_interfaces/package.dsv
[4.628s] -- Installing: /home/achal/omokai_task/ros2_ws/install/mission_interfaces/share/ament_index/resource_index/packages/mission_interfaces
[4.629s] -- Installing: /home/achal/omokai_task/ros2_ws/install/mission_interfaces/share/mission_interfaces/cmake/export_mission_interfaces__rosidl_generator_cExport.cmake
[4.629s] -- Installing: /home/achal/omokai_task/ros2_ws/install/mission_interfaces/share/mission_interfaces/cmake/export_mission_interfaces__rosidl_generator_cExport-noconfig.cmake
[4.629s] -- Installing: /home/achal/omokai_task/ros2_ws/install/mission_interfaces/share/mission_interfaces/cmake/export_mission_interfaces__rosidl_typesupport_fastrtps_cExport.cmake
[4.629s] -- Installing: /home/achal/omokai_task/ros2_ws/install/mission_interfaces/share/mission_interfaces/cmake/export_mission_interfaces__rosidl_typesupport_fastrtps_cExport-noconfig.cmake
[4.629s] -- Installing: /home/achal/omokai_task/ros2_ws/install/mission_interfaces/share/mission_interfaces/cmake/mission_interfaces__rosidl_typesupport_introspection_cExport.cmake
[4.629s] -- Installing: /home/achal/omokai_task/ros2_ws/install/mission_interfaces/share/mission_interfaces/cmake/mission_interfaces__rosidl_typesupport_introspection_cExport-noconfig.cmake
[4.630s] -- Installing: /home/achal/omokai_task/ros2_ws/install/mission_interfaces/share/mission_interfaces/cmake/mission_interfaces__rosidl_typesupport_cExport.cmake
[4.630s] -- Installing: /home/achal/omokai_task/ros2_ws/install/mission_interfaces/share/mission_interfaces/cmake/mission_interfaces__rosidl_typesupport_cExport-noconfig.cmake
[4.630s] -- Installing: /home/achal/omokai_task/ros2_ws/install/mission_interfaces/share/mission_interfaces/cmake/export_mission_interfaces__rosidl_generator_cppExport.cmake
[4.630s] -- Installing: /home/achal/omokai_task/ros2_ws/install/mission_interfaces/share/mission_interfaces/cmake/export_mission_interfaces__rosidl_typesupport_fastrtps_cppExport.cmake
[4.630s] -- Installing: /home/achal/omokai_task/ros2_ws/install/mission_interfaces/share/mission_interfaces/cmake/export_mission_interfaces__rosidl_typesupport_fastrtps_cppExport-noconfig.cmake
[4.630s] -- Installing: /home/achal/omokai_task/ros2_ws/install/mission_interfaces/share/mission_interfaces/cmake/mission_interfaces__rosidl_typesupport_introspection_cppExport.cmake
[4.630s] -- Installing: /home/achal/omokai_task/ros2_ws/install/mission_interfaces/share/mission_interfaces/cmake/mission_interfaces__rosidl_typesupport_introspection_cppExport-noconfig.cmake
[4.631s] -- Installing: /home/achal/omokai_task/ros2_ws/install/mission_interfaces/share/mission_interfaces/cmake/mission_interfaces__rosidl_typesupport_cppExport.cmake
[4.631s] -- Installing: /home/achal/omokai_task/ros2_ws/install/mission_interfaces/share/mission_interfaces/cmake/mission_interfaces__rosidl_typesupport_cppExport-noconfig.cmake
[4.631s] -- Installing: /home/achal/omokai_task/ros2_ws/install/mission_interfaces/share/mission_interfaces/cmake/export_mission_interfaces__rosidl_generator_pyExport.cmake
[4.631s] -- Installing: /home/achal/omokai_task/ros2_ws/install/mission_interfaces/share/mission_interfaces/cmake/export_mission_interfaces__rosidl_generator_pyExport-noconfig.cmake
[4.632s] -- Installing: /home/achal/omokai_task/ros2_ws/install/mission_interfaces/share/mission_interfaces/cmake/rosidl_cmake-extras.cmake
[4.632s] -- Installing: /home/achal/omokai_task/ros2_ws/install/mission_interfaces/share/mission_interfaces/cmake/ament_cmake_export_include_directories-extras.cmake
[4.632s] -- Installing: /home/achal/omokai_task/ros2_ws/install/mission_interfaces/share/mission_interfaces/cmake/ament_cmake_export_libraries-extras.cmake
[4.632s] -- Installing: /home/achal/omokai_task/ros2_ws/install/mission_interfaces/share/mission_interfaces/cmake/ament_cmake_export_targets-extras.cmake
[4.632s] -- Installing: /home/achal/omokai_task/ros2_ws/install/mission_interfaces/share/mission_interfaces/cmake/rosidl_cmake_export_typesupport_targets-extras.cmake
[4.632s] -- Installing: /home/achal/omokai_task/ros2_ws/install/mission_interfaces/share/mission_interfaces/cmake/ament_cmake_export_dependencies-extras.cmake
[4.632s] -- Installing: /home/achal/omokai_task/ros2_ws/install/mission_interfaces/share/mission_interfaces/cmake/rosidl_cmake_export_typesupport_libraries-extras.cmake
[4.632s] -- Installing: /home/achal/omokai_task/ros2_ws/install/mission_interfaces/share/mission_interfaces/cmake/rosidl_cmake_aggregate_target-extras.cmake
[4.633s] -- Installing: /home/achal/omokai_task/ros2_ws/install/mission_interfaces/share/mission_interfaces/cmake/mission_interfacesConfig.cmake
[4.633s] -- Installing: /home/achal/omokai_task/ros2_ws/install/mission_interfaces/share/mission_interfaces/cmake/mission_interfacesConfig-version.cmake
[4.633s] -- Installing: /home/achal/omokai_task/ros2_ws/install/mission_interfaces/share/mission_interfaces/package.xml
[4.636s] Invoked command in '/home/achal/omokai_task/ros2_ws/build/mission_interfaces' returned '0': CMAKE_PREFIX_PATH=/opt/ros/humble /usr/bin/cmake --install /home/achal/omokai_task/ros2_ws/build/mission_interfaces
