[0.474s] Invoking command in '/home/achal/omokai_task/ros2_ws/src/build/mission_interfaces': /usr/bin/cmake /home/achal/omokai_task/ros2_ws/src/mission_interfaces -DCMAKE_INSTALL_PREFIX=/home/achal/omokai_task/ros2_ws/src/install/mission_interfaces
[0.646s] -- The C compiler identification is GNU 11.4.0
[0.762s] -- The CXX compiler identification is GNU 11.4.0
[0.776s] -- Detecting C compiler ABI info
[0.865s] -- Detecting C compiler ABI info - done
[0.874s] -- Check for working C compiler: /usr/bin/cc - skipped
[0.875s] -- Detecting C compile features
[0.876s] -- Detecting C compile features - done
[0.879s] -- Detecting CXX compiler ABI info
[0.982s] -- Detecting CXX compiler ABI info - done
[0.988s] -- Check for working CXX compiler: /usr/bin/c++ - skipped
[0.989s] -- Detecting CXX compile features
[0.989s] -- Detecting CXX compile features - done
[0.994s] -- Found ament_cmake: 1.3.14 (/opt/ros/humble/share/ament_cmake/cmake)
[1.146s] -- Found Python3: /usr/bin/python3 (found version "3.10.12") found components: Interpreter 
[1.245s] -- Found ament_lint_auto: 0.12.15 (/opt/ros/humble/share/ament_lint_auto/cmake)
[1.286s] Error parsing '/home/achal/omokai_task/ros2_ws/src/mission_interfaces/package.xml':
[1.321s] Traceback (most recent call last):
[1.322s]   File "/opt/ros/humble/share/ament_cmake_core/cmake/core/package_xml_2_cmake.py", line 150, in <module>
[1.322s]     main()
[1.322s]   File "/opt/ros/humble/share/ament_cmake_core/cmake/core/package_xml_2_cmake.py", line 53, in main
[1.322s]     raise e
[1.322s]   File "/opt/ros/humble/share/ament_cmake_core/cmake/core/package_xml_2_cmake.py", line 49, in main
[1.322s]     package = parse_package_string(
[1.322s]   File "/usr/lib/python3/dist-packages/catkin_pkg/package.py", line 788, in parse_package_string
[1.322s]     pkg.validate(warnings=warnings)
[1.322s]   File "/usr/lib/python3/dist-packages/catkin_pkg/package.py", line 330, in validate
[1.322s]     raise InvalidPackage('\n'.join(errors), self.filename)
[1.323s] catkin_pkg.package.InvalidPackage: Error(s) in package '/home/achal/omokai_task/ros2_ws/src/mission_interfaces/package.xml':
[1.323s] Invalid email "YOUR_EMAIL" for person "achal"
[1.339s] [31mCMake Error at /opt/ros/humble/share/ament_cmake_core/cmake/core/ament_package_xml.cmake:95 (message):
[1.339s]   execute_process(/usr/bin/python3
[1.339s]   /opt/ros/humble/share/ament_cmake_core/cmake/core/package_xml_2_cmake.py
[1.339s]   /home/achal/omokai_task/ros2_ws/src/mission_interfaces/package.xml
[1.339s]   /home/achal/omokai_task/ros2_ws/src/build/mission_interfaces/ament_cmake_core/package.cmake)
[1.339s]   returned error code 1
[1.339s] Call Stack (most recent call first):
[1.339s]   /opt/ros/humble/share/ament_cmake_core/cmake/core/ament_package_xml.cmake:49 (_ament_package_xml)
[1.339s]   /opt/ros/humble/share/ament_lint_auto/cmake/ament_lint_auto_find_test_dependencies.cmake:31 (ament_package_xml)
[1.339s]   CMakeLists.txt:23 (ament_lint_auto_find_test_dependencies)
[1.339s] 
[1.339s] [0m
[1.339s] -- Configuring incomplete, errors occurred!
[1.340s] See also "/home/achal/omokai_task/ros2_ws/src/build/mission_interfaces/CMakeFiles/CMakeOutput.log".
[1.344s] Invoked command in '/home/achal/omokai_task/ros2_ws/src/build/mission_interfaces' returned '1': /usr/bin/cmake /home/achal/omokai_task/ros2_ws/src/mission_interfaces -DCMAKE_INSTALL_PREFIX=/home/achal/omokai_task/ros2_ws/src/install/mission_interfaces
