[1.140s] Invoking command in '/home/achal/omokai_task/ros2_ws/src/mission_executor': AMENT_PREFIX_PATH=/home/achal/omokai_task/ros2_ws/install/mission_interfaces:${AMENT_PREFIX_PATH} CMAKE_PREFIX_PATH=/home/achal/omokai_task/ros2_ws/install/mission_interfaces LD_LIBRARY_PATH=/home/achal/omokai_task/ros2_ws/install/mission_interfaces/lib:${LD_LIBRARY_PATH} PYTHONPATH=/home/achal/omokai_task/ros2_ws/build/mission_executor/prefix_override:/usr/lib/python3/dist-packages/colcon_core/task/python/colcon_distutils_commands:/home/achal/omokai_task/ros2_ws/install/mission_executor/lib/python3.10/site-packages:/home/achal/omokai_task/ros2_ws/install/mission_interfaces/local/lib/python3.10/dist-packages:${PYTHONPATH} /usr/bin/python3 -W ignore:setup.py install is deprecated -W ignore:easy_install command is deprecated setup.py egg_info --egg-base ../../build/mission_executor build --build-base /home/achal/omokai_task/ros2_ws/build/mission_executor/build install --record /home/achal/omokai_task/ros2_ws/build/mission_executor/install.log --install-scripts $base/lib/mission_executor --single-version-externally-managed install_data
[1.460s] running egg_info
[1.461s] creating ../../build/mission_executor/mission_executor.egg-info
[1.461s] writing ../../build/mission_executor/mission_executor.egg-info/PKG-INFO
[1.461s] writing dependency_links to ../../build/mission_executor/mission_executor.egg-info/dependency_links.txt
[1.461s] writing entry points to ../../build/mission_executor/mission_executor.egg-info/entry_points.txt
[1.461s] writing requirements to ../../build/mission_executor/mission_executor.egg-info/requires.txt
[1.462s] writing top-level names to ../../build/mission_executor/mission_executor.egg-info/top_level.txt
[1.462s] writing manifest file '../../build/mission_executor/mission_executor.egg-info/SOURCES.txt'
[1.470s] reading manifest file '../../build/mission_executor/mission_executor.egg-info/SOURCES.txt'
[1.470s] writing manifest file '../../build/mission_executor/mission_executor.egg-info/SOURCES.txt'
[1.470s] running build
[1.470s] running build_py
[1.470s] creating /home/achal/omokai_task/ros2_ws/build/mission_executor/build
[1.470s] creating /home/achal/omokai_task/ros2_ws/build/mission_executor/build/lib
[1.470s] creating /home/achal/omokai_task/ros2_ws/build/mission_executor/build/lib/mission_executor
[1.470s] copying mission_executor/__init__.py -> /home/achal/omokai_task/ros2_ws/build/mission_executor/build/lib/mission_executor
[1.470s] copying mission_executor/mission_executor.py -> /home/achal/omokai_task/ros2_ws/build/mission_executor/build/lib/mission_executor
[1.470s] running install
[1.470s] running install_lib
[1.470s] creating /home/achal/omokai_task/ros2_ws/install/mission_executor/lib/python3.10/site-packages/mission_executor
[1.471s] copying /home/achal/omokai_task/ros2_ws/build/mission_executor/build/lib/mission_executor/__init__.py -> /home/achal/omokai_task/ros2_ws/install/mission_executor/lib/python3.10/site-packages/mission_executor
[1.471s] copying /home/achal/omokai_task/ros2_ws/build/mission_executor/build/lib/mission_executor/mission_executor.py -> /home/achal/omokai_task/ros2_ws/install/mission_executor/lib/python3.10/site-packages/mission_executor
[1.471s] byte-compiling /home/achal/omokai_task/ros2_ws/install/mission_executor/lib/python3.10/site-packages/mission_executor/__init__.py to __init__.cpython-310.pyc
[1.471s] byte-compiling /home/achal/omokai_task/ros2_ws/install/mission_executor/lib/python3.10/site-packages/mission_executor/mission_executor.py to mission_executor.cpython-310.pyc
[1.472s] running install_data
[1.472s] creating /home/achal/omokai_task/ros2_ws/install/mission_executor/share/ament_index
[1.472s] creating /home/achal/omokai_task/ros2_ws/install/mission_executor/share/ament_index/resource_index
[1.473s] creating /home/achal/omokai_task/ros2_ws/install/mission_executor/share/ament_index/resource_index/packages
[1.473s] copying resource/mission_executor -> /home/achal/omokai_task/ros2_ws/install/mission_executor/share/ament_index/resource_index/packages
[1.473s] copying package.xml -> /home/achal/omokai_task/ros2_ws/install/mission_executor/share/mission_executor
[1.473s] running install_egg_info
[1.474s] Copying ../../build/mission_executor/mission_executor.egg-info to /home/achal/omokai_task/ros2_ws/install/mission_executor/lib/python3.10/site-packages/mission_executor-0.0.0-py3.10.egg-info
[1.475s] running install_scripts
[1.496s] Installing mission_executor script to /home/achal/omokai_task/ros2_ws/install/mission_executor/lib/mission_executor
[1.497s] writing list of installed files to '/home/achal/omokai_task/ros2_ws/build/mission_executor/install.log'
[1.553s] Invoked command in '/home/achal/omokai_task/ros2_ws/src/mission_executor' returned '0': AMENT_PREFIX_PATH=/home/achal/omokai_task/ros2_ws/install/mission_interfaces:${AMENT_PREFIX_PATH} CMAKE_PREFIX_PATH=/home/achal/omokai_task/ros2_ws/install/mission_interfaces LD_LIBRARY_PATH=/home/achal/omokai_task/ros2_ws/install/mission_interfaces/lib:${LD_LIBRARY_PATH} PYTHONPATH=/home/achal/omokai_task/ros2_ws/build/mission_executor/prefix_override:/usr/lib/python3/dist-packages/colcon_core/task/python/colcon_distutils_commands:/home/achal/omokai_task/ros2_ws/install/mission_executor/lib/python3.10/site-packages:/home/achal/omokai_task/ros2_ws/install/mission_interfaces/local/lib/python3.10/dist-packages:${PYTHONPATH} /usr/bin/python3 -W ignore:setup.py install is deprecated -W ignore:easy_install command is deprecated setup.py egg_info --egg-base ../../build/mission_executor build --build-base /home/achal/omokai_task/ros2_ws/build/mission_executor/build install --record /home/achal/omokai_task/ros2_ws/build/mission_executor/install.log --install-scripts $base/lib/mission_executor --single-version-externally-managed install_data
